To honour the JVM settings for this build a single-use Daemon process will be forked. See https://docs.gradle.org/8.0.1/userguide/gradle_daemon.html#sec:disabling_the_daemon.
Daemon will be stopped at the end of the build 
> Task :gradle-plugin:pluginDescriptors UP-TO-DATE
> Task :gradle-plugin:processResources UP-TO-DATE
> Task :gradle-plugin:compileKotlin
w: Language version 1.5 is deprecated and its support will be removed in a future version of Kotlin

> Task :gradle-plugin:compileJava NO-SOURCE
> Task :gradle-plugin:classes UP-TO-DATE
> Task :gradle-plugin:jar UP-TO-DATE

FAILURE: Build failed with an exception.

* What went wrong:
A problem occurred configuring project ':app'.
> Could not open proj generic class cache for build file 'D:\Development\Production\saral-lekhan-plus\android\app\build.gradle' (C:\Users\lokha\.gradle\caches\8.0.1\scripts\ahpa5ft942s4jqrx5pjwqbznb).
   > BUG! exception in phase 'semantic analysis' in source unit '_BuildScript_' Unsupported class file major version 64

* Try:
> Run with --stacktrace option to get the stack trace.
> Run with --info or --debug option to get more log output.
> Run with --scan to get full insights.

* Get more help at https://help.gradle.org

BUILD FAILED in 1m 24s
4 actionable tasks: 1 executed, 3 up-to-date
